Determining if the pthread_create exist failed with the following output:
Change Dir: /home/homam/Capstone/build/CMakeFiles/CMakeTmp

Run Build Command:"/usr/bin/make" "cmTC_cb8ca/fast"
/usr/bin/make -f CMakeFiles/cmTC_cb8ca.dir/build.make CMakeFiles/cmTC_cb8ca.dir/build
make[1]: Entering directory '/home/homam/Capstone/build/CMakeFiles/CMakeTmp'
Building C object CMakeFiles/cmTC_cb8ca.dir/CheckSymbolExists.c.o
/usr/bin/cc    -o CMakeFiles/cmTC_cb8ca.dir/CheckSymbolExists.c.o   -c /home/homam/Capstone/build/CMakeFiles/CMakeTmp/CheckSymbolExists.c
Linking C executable cmTC_cb8ca
/usr/bin/cmake -E cmake_link_script CMakeFiles/cmTC_cb8ca.dir/link.txt --verbose=1
/usr/bin/cc      -rdynamic CMakeFiles/cmTC_cb8ca.dir/CheckSymbolExists.c.o  -o cmTC_cb8ca 
CMakeFiles/cmTC_cb8ca.dir/CheckSymbolExists.c.o: In function `main':
CheckSymbolExists.c:(.text+0x14): undefined reference to `pthread_create'
CheckSymbolExists.c:(.text+0x18): undefined reference to `pthread_create'
collect2: error: ld returned 1 exit status
CMakeFiles/cmTC_cb8ca.dir/build.make:97: recipe for target 'cmTC_cb8ca' failed
make[1]: *** [cmTC_cb8ca] Error 1
make[1]: Leaving directory '/home/homam/Capstone/build/CMakeFiles/CMakeTmp'
Makefile:126: recipe for target 'cmTC_cb8ca/fast' failed
make: *** [cmTC_cb8ca/fast] Error 2

File /home/homam/Capstone/build/CMakeFiles/CMakeTmp/CheckSymbolExists.c:
/* */
#include <pthread.h>

int main(int argc, char** argv)
{
  (void)argv;
#ifndef pthread_create
  return ((int*)(&pthread_create))[argc];
#else
  (void)argc;
  return 0;
#endif
}

Determining if the function pthread_create exists in the pthreads failed with the following output:
Change Dir: /home/homam/Capstone/build/CMakeFiles/CMakeTmp

Run Build Command:"/usr/bin/make" "cmTC_08b62/fast"
/usr/bin/make -f CMakeFiles/cmTC_08b62.dir/build.make CMakeFiles/cmTC_08b62.dir/build
make[1]: Entering directory '/home/homam/Capstone/build/CMakeFiles/CMakeTmp'
Building C object CMakeFiles/cmTC_08b62.dir/CheckFunctionExists.c.o
/usr/bin/cc   -DCHECK_FUNCTION_EXISTS=pthread_create   -o CMakeFiles/cmTC_08b62.dir/CheckFunctionExists.c.o   -c /usr/share/cmake-3.10/Modules/CheckFunctionExists.c
Linking C executable cmTC_08b62
/usr/bin/cmake -E cmake_link_script CMakeFiles/cmTC_08b62.dir/link.txt --verbose=1
/usr/bin/cc  -DCHECK_FUNCTION_EXISTS=pthread_create    -rdynamic CMakeFiles/cmTC_08b62.dir/CheckFunctionExists.c.o  -o cmTC_08b62 -lpthreads 
/usr/bin/ld: cannot find -lpthreads
collect2: error: ld returned 1 exit status
CMakeFiles/cmTC_08b62.dir/build.make:97: recipe for target 'cmTC_08b62' failed
make[1]: *** [cmTC_08b62] Error 1
make[1]: Leaving directory '/home/homam/Capstone/build/CMakeFiles/CMakeTmp'
Makefile:126: recipe for target 'cmTC_08b62/fast' failed
make: *** [cmTC_08b62/fast] Error 2


